# JRE version: Java(TM) SE Runtime Environment (20.0.2+9) (build 20.0.2+9-78)
# Java VM: Java HotSpot(TM) 64-Bit Server VM (20.0.2+9-78, mixed mode, sharing, tiered, compressed oops, compressed class ptrs, g1 gc, windows-amd64)
GC Precious Log:
 CardTable entry size: 512
 Card Set container configuration: InlinePtr #cards 4 size 8 Array Of Cards #cards 16 size 48 Howl #buckets 8 coarsen threshold 3686 Howl Bitmap #cards 512 size 80 coarsen threshold 460 Card regions per heap region 1 cards per card region 4096
 CPUs: 12 total, 12 available
 Memory: 16086M
 Large Page Support: Disabled
 NUMA Support: Disabled
 Compressed Oops: Enabled (Zero based)
 Heap Region Size: 2M
 Heap Min Capacity: 8M
 Heap Initial Capacity: 252M
 Heap Max Capacity: 4022M
 Pre-touch: Disabled
 Parallel Workers: 10
 Concurrent Workers: 3
 Concurrent Refinement Workers: 10
 Periodic GC: Disabled
Heap:
 garbage-first heap   total 61440K, used 26543K [0x0000000704a00000, 0x0000000800000000)
  region size 2048K, 5 young (10240K), 2 survivors (4096K)
 Metaspace       used 31770K, committed 32128K, reserved 1114112K
  class space    used 4498K, committed 4672K, reserved 1048576K
GC Heap History (10 events):
Event: 1.069 GC heap before
{Heap before GC invocations=0 (full 0):
 garbage-first heap   total 258048K, used 20480K [0x0000000704a00000, 0x0000000800000000)
  region size 2048K, 11 young (22528K), 0 survivors (0K)
 Metaspace       used 4034K, committed 4288K, reserved 1114112K
  class space    used 436K, committed 576K, reserved 1048576K
}
Event: 1.072 GC heap after
{Heap after GC invocations=1 (full 0):
 garbage-first heap   total 258048K, used 2687K [0x0000000704a00000, 0x0000000800000000)
  region size 2048K, 2 young (4096K), 2 survivors (4096K)
 Metaspace       used 4034K, committed 4288K, reserved 1114112K
  class space    used 436K, committed 576K, reserved 1048576K
}
Event: 2.096 GC heap before
{Heap before GC invocations=1 (full 0):
 garbage-first heap   total 258048K, used 41599K [0x0000000704a00000, 0x0000000800000000)
  region size 2048K, 21 young (43008K), 2 survivors (4096K)
 Metaspace       used 14552K, committed 14848K, reserved 1114112K
  class space    used 2218K, committed 2368K, reserved 1048576K
}
Event: 2.101 GC heap after
{Heap after GC invocations=2 (full 0):
 garbage-first heap   total 258048K, used 9904K [0x0000000704a00000, 0x0000000800000000)
  region size 2048K, 3 young (6144K), 3 survivors (6144K)
 Metaspace       used 14552K, committed 14848K, reserved 1114112K
  class space    used 2218K, committed 2368K, reserved 1048576K
}
Event: 16.581 GC heap before
{Heap before GC invocations=2 (full 0):
 garbage-first heap   total 258048K, used 32432K [0x0000000704a00000, 0x0000000800000000)
  region size 2048K, 14 young (28672K), 3 survivors (6144K)
 Metaspace       used 21085K, committed 21504K, reserved 1114112K
  class space    used 2992K, committed 3200K, reserved 1048576K
}
Event: 16.586 GC heap after
{Heap after GC invocations=3 (full 0):
 garbage-first heap   total 258048K, used 14599K [0x0000000704a00000, 0x0000000800000000)
  region size 2048K, 5 young (10240K), 5 survivors (10240K)
 Metaspace       used 21085K, committed 21504K, reserved 1114112K
  class space    used 2992K, committed 3200K, reserved 1048576K
}
Event: 19.390 GC heap before
{Heap before GC invocations=4 (full 0):
 garbage-first heap   total 61440K, used 41223K [0x0000000704a00000, 0x0000000800000000)
  region size 2048K, 18 young (36864K), 5 survivors (10240K)
 Metaspace       used 29186K, committed 29568K, reserved 1114112K
  class space    used 4094K, committed 4288K, reserved 1048576K
}
Event: 19.399 GC heap after
{Heap after GC invocations=5 (full 0):
 garbage-first heap   total 61440K, used 19101K [0x0000000704a00000, 0x0000000800000000)
  region size 2048K, 3 young (6144K), 3 survivors (6144K)
 Metaspace       used 29186K, committed 29568K, reserved 1114112K
  class space    used 4094K, committed 4288K, reserved 1048576K
}
Event: 71.745 GC heap before
{Heap before GC invocations=5 (full 0):
 garbage-first heap   total 61440K, used 45725K [0x0000000704a00000, 0x0000000800000000)
  region size 2048K, 16 young (32768K), 3 survivors (6144K)
 Metaspace       used 31752K, committed 32128K, reserved 1114112K
  class space    used 4498K, committed 4672K, reserved 1048576K
}
Event: 71.751 GC heap after
{Heap after GC invocations=6 (full 0):
 garbage-first heap   total 61440K, used 22447K [0x0000000704a00000, 0x0000000800000000)
  region size 2048K, 2 young (4096K), 2 survivors (4096K)
 Metaspace       used 31752K, committed 32128K, reserved 1114112K
  class space    used 4498K, committed 4672K, reserved 1048576K
}

