# JRE version: Java(TM) SE Runtime Environment (20.0.2+9) (build 20.0.2+9-78)
# Java VM: Java HotSpot(TM) 64-Bit Server VM (20.0.2+9-78, mixed mode, sharing, tiered, compressed oops, compressed class ptrs, g1 gc, windows-amd64)
GC Precious Log:
 CardTable entry size: 512
 Card Set container configuration: InlinePtr #cards 4 size 8 Array Of Cards #cards 16 size 48 Howl #buckets 8 coarsen threshold 3686 Howl Bitmap #cards 512 size 80 coarsen threshold 460 Card regions per heap region 1 cards per card region 4096
 CPUs: 12 total, 12 available
 Memory: 16086M
 Large Page Support: Disabled
 NUMA Support: Disabled
 Compressed Oops: Enabled (Zero based)
 Heap Region Size: 2M
 Heap Min Capacity: 8M
 Heap Initial Capacity: 252M
 Heap Max Capacity: 4022M
 Pre-touch: Disabled
 Parallel Workers: 10
 Concurrent Workers: 3
 Concurrent Refinement Workers: 10
 Periodic GC: Disabled
Heap:
 garbage-first heap   total 69632K, used 36954K [0x0000000704a00000, 0x0000000800000000)
  region size 2048K, 9 young (18432K), 1 survivors (2048K)
 Metaspace       used 32081K, committed 32448K, reserved 1114112K
  class space    used 4514K, committed 4672K, reserved 1048576K
GC Heap History (18 events):
Event: 0.838 GC heap before
{Heap before GC invocations=0 (full 0):
 garbage-first heap   total 258048K, used 20480K [0x0000000704a00000, 0x0000000800000000)
  region size 2048K, 11 young (22528K), 0 survivors (0K)
 Metaspace       used 3980K, committed 4160K, reserved 1114112K
  class space    used 431K, committed 512K, reserved 1048576K
}
Event: 0.841 GC heap after
{Heap after GC invocations=1 (full 0):
 garbage-first heap   total 258048K, used 2527K [0x0000000704a00000, 0x0000000800000000)
  region size 2048K, 2 young (4096K), 2 survivors (4096K)
 Metaspace       used 3980K, committed 4160K, reserved 1114112K
  class space    used 431K, committed 512K, reserved 1048576K
}
Event: 1.664 GC heap before
{Heap before GC invocations=1 (full 0):
 garbage-first heap   total 258048K, used 43487K [0x0000000704a00000, 0x0000000800000000)
  region size 2048K, 22 young (45056K), 2 survivors (4096K)
 Metaspace       used 15114K, committed 15488K, reserved 1114112K
  class space    used 2333K, committed 2496K, reserved 1048576K
}
Event: 1.669 GC heap after
{Heap after GC invocations=2 (full 0):
 garbage-first heap   total 258048K, used 10063K [0x0000000704a00000, 0x0000000800000000)
  region size 2048K, 3 young (6144K), 3 survivors (6144K)
 Metaspace       used 15114K, committed 15488K, reserved 1114112K
  class space    used 2333K, committed 2496K, reserved 1048576K
}
Event: 12.377 GC heap before
{Heap before GC invocations=2 (full 0):
 garbage-first heap   total 258048K, used 32591K [0x0000000704a00000, 0x0000000800000000)
  region size 2048K, 14 young (28672K), 3 survivors (6144K)
 Metaspace       used 21094K, committed 21504K, reserved 1114112K
  class space    used 3004K, committed 3200K, reserved 1048576K
}
Event: 12.383 GC heap after
{Heap after GC invocations=3 (full 0):
 garbage-first heap   total 258048K, used 16178K [0x0000000704a00000, 0x0000000800000000)
  region size 2048K, 5 young (10240K), 5 survivors (10240K)
 Metaspace       used 21094K, committed 21504K, reserved 1114112K
  class space    used 3004K, committed 3200K, reserved 1048576K
}
Event: 32.374 GC heap before
{Heap before GC invocations=4 (full 0):
 garbage-first heap   total 69632K, used 46898K [0x0000000704a00000, 0x0000000800000000)
  region size 2048K, 20 young (40960K), 5 survivors (10240K)
 Metaspace       used 29314K, committed 29696K, reserved 1114112K
  class space    used 4043K, committed 4224K, reserved 1048576K
}
Event: 32.382 GC heap after
{Heap after GC invocations=5 (full 0):
 garbage-first heap   total 69632K, used 19314K [0x0000000704a00000, 0x0000000800000000)
  region size 2048K, 2 young (4096K), 2 survivors (4096K)
 Metaspace       used 29314K, committed 29696K, reserved 1114112K
  class space    used 4043K, committed 4224K, reserved 1048576K
}
Event: 118.835 GC heap before
{Heap before GC invocations=5 (full 0):
 garbage-first heap   total 69632K, used 52082K [0x0000000704a00000, 0x0000000800000000)
  region size 2048K, 18 young (36864K), 2 survivors (4096K)
 Metaspace       used 32064K, committed 32448K, reserved 1114112K
  class space    used 4514K, committed 4672K, reserved 1048576K
}
Event: 118.840 GC heap after
{Heap after GC invocations=6 (full 0):
 garbage-first heap   total 69632K, used 23163K [0x0000000704a00000, 0x0000000800000000)
  region size 2048K, 2 young (4096K), 2 survivors (4096K)
 Metaspace       used 32064K, committed 32448K, reserved 1114112K
  class space    used 4514K, committed 4672K, reserved 1048576K
}
Event: 389.335 GC heap before
{Heap before GC invocations=6 (full 0):
 garbage-first heap   total 69632K, used 53883K [0x0000000704a00000, 0x0000000800000000)
  region size 2048K, 17 young (34816K), 2 survivors (4096K)
 Metaspace       used 32074K, committed 32448K, reserved 1114112K
  class space    used 4514K, committed 4672K, reserved 1048576K
}
Event: 389.337 GC heap after
{Heap after GC invocations=7 (full 0):
 garbage-first heap   total 69632K, used 23334K [0x0000000704a00000, 0x0000000800000000)
  region size 2048K, 1 young (2048K), 1 survivors (2048K)
 Metaspace       used 32074K, committed 32448K, reserved 1114112K
  class space    used 4514K, committed 4672K, reserved 1048576K
}
Event: 681.333 GC heap before
{Heap before GC invocations=7 (full 0):
 garbage-first heap   total 69632K, used 56102K [0x0000000704a00000, 0x0000000800000000)
  region size 2048K, 17 young (34816K), 1 survivors (2048K)
 Metaspace       used 32077K, committed 32448K, reserved 1114112K
  class space    used 4514K, committed 4672K, reserved 1048576K
}
Event: 681.334 GC heap after
{Heap after GC invocations=8 (full 0):
 garbage-first heap   total 69632K, used 22789K [0x0000000704a00000, 0x0000000800000000)
  region size 2048K, 1 young (2048K), 1 survivors (2048K)
 Metaspace       used 32077K, committed 32448K, reserved 1114112K
  class space    used 4514K, committed 4672K, reserved 1048576K
}
Event: 977.498 GC heap before
{Heap before GC invocations=8 (full 0):
 garbage-first heap   total 69632K, used 55557K [0x0000000704a00000, 0x0000000800000000)
  region size 2048K, 17 young (34816K), 1 survivors (2048K)
 Metaspace       used 32077K, committed 32448K, reserved 1114112K
  class space    used 4514K, committed 4672K, reserved 1048576K
}
Event: 977.501 GC heap after
{Heap after GC invocations=9 (full 0):
 garbage-first heap   total 69632K, used 22629K [0x0000000704a00000, 0x0000000800000000)
  region size 2048K, 1 young (2048K), 1 survivors (2048K)
 Metaspace       used 32077K, committed 32448K, reserved 1114112K
  class space    used 4514K, committed 4672K, reserved 1048576K
}
Event: 1291.411 GC heap before
{Heap before GC invocations=9 (full 0):
 garbage-first heap   total 69632K, used 57445K [0x0000000704a00000, 0x0000000800000000)
  region size 2048K, 18 young (36864K), 1 survivors (2048K)
 Metaspace       used 32081K, committed 32448K, reserved 1114112K
  class space    used 4514K, committed 4672K, reserved 1048576K
}
Event: 1291.412 GC heap after
{Heap after GC invocations=10 (full 0):
 garbage-first heap   total 69632K, used 22618K [0x0000000704a00000, 0x0000000800000000)
  region size 2048K, 1 young (2048K), 1 survivors (2048K)
 Metaspace       used 32081K, committed 32448K, reserved 1114112K
  class space    used 4514K, committed 4672K, reserved 1048576K
}

