# JRE version: Java(TM) SE Runtime Environment (20.0.2+9) (build 20.0.2+9-78)
# Java VM: Java HotSpot(TM) 64-Bit Server VM (20.0.2+9-78, mixed mode, sharing, tiered, compressed oops, compressed class ptrs, g1 gc, windows-amd64)
GC Precious Log:
 CardTable entry size: 512
 Card Set container configuration: InlinePtr #cards 4 size 8 Array Of Cards #cards 16 size 48 Howl #buckets 8 coarsen threshold 3686 Howl Bitmap #cards 512 size 80 coarsen threshold 460 Card regions per heap region 1 cards per card region 4096
 CPUs: 12 total, 12 available
 Memory: 16086M
 Large Page Support: Disabled
 NUMA Support: Disabled
 Compressed Oops: Enabled (Zero based)
 Heap Region Size: 2M
 Heap Min Capacity: 8M
 Heap Initial Capacity: 252M
 Heap Max Capacity: 4022M
 Pre-touch: Disabled
 Parallel Workers: 10
 Concurrent Workers: 3
 Concurrent Refinement Workers: 10
 Periodic GC: Disabled
Heap:
 garbage-first heap   total 69632K, used 32492K [0x0000000704a00000, 0x0000000800000000)
  region size 2048K, 8 young (16384K), 2 survivors (4096K)
 Metaspace       used 31907K, committed 32320K, reserved 1114112K
  class space    used 4516K, committed 4672K, reserved 1048576K
GC Heap History (12 events):
Event: 0.782 GC heap before
{Heap before GC invocations=0 (full 0):
 garbage-first heap   total 258048K, used 20480K [0x0000000704a00000, 0x0000000800000000)
  region size 2048K, 11 young (22528K), 0 survivors (0K)
 Metaspace       used 4023K, committed 4288K, reserved 1114112K
  class space    used 436K, committed 576K, reserved 1048576K
}
Event: 0.784 GC heap after
{Heap after GC invocations=1 (full 0):
 garbage-first heap   total 258048K, used 2634K [0x0000000704a00000, 0x0000000800000000)
  region size 2048K, 2 young (4096K), 2 survivors (4096K)
 Metaspace       used 4023K, committed 4288K, reserved 1114112K
  class space    used 436K, committed 576K, reserved 1048576K
}
Event: 2.202 GC heap before
{Heap before GC invocations=1 (full 0):
 garbage-first heap   total 258048K, used 41546K [0x0000000704a00000, 0x0000000800000000)
  region size 2048K, 21 young (43008K), 2 survivors (4096K)
 Metaspace       used 14521K, committed 14912K, reserved 1114112K
  class space    used 2218K, committed 2368K, reserved 1048576K
}
Event: 2.209 GC heap after
{Heap after GC invocations=2 (full 0):
 garbage-first heap   total 258048K, used 10178K [0x0000000704a00000, 0x0000000800000000)
  region size 2048K, 3 young (6144K), 3 survivors (6144K)
 Metaspace       used 14521K, committed 14912K, reserved 1114112K
  class space    used 2218K, committed 2368K, reserved 1048576K
}
Event: 14.834 GC heap before
{Heap before GC invocations=2 (full 0):
 garbage-first heap   total 258048K, used 34754K [0x0000000704a00000, 0x0000000800000000)
  region size 2048K, 15 young (30720K), 3 survivors (6144K)
 Metaspace       used 21154K, committed 21504K, reserved 1114112K
  class space    used 3017K, committed 3200K, reserved 1048576K
}
Event: 14.841 GC heap after
{Heap after GC invocations=3 (full 0):
 garbage-first heap   total 258048K, used 15132K [0x0000000704a00000, 0x0000000800000000)
  region size 2048K, 5 young (10240K), 5 survivors (10240K)
 Metaspace       used 21154K, committed 21504K, reserved 1114112K
  class space    used 3017K, committed 3200K, reserved 1048576K
}
Event: 19.309 GC heap before
{Heap before GC invocations=4 (full 0):
 garbage-first heap   total 69632K, used 45852K [0x0000000704a00000, 0x0000000800000000)
  region size 2048K, 20 young (40960K), 5 survivors (10240K)
 Metaspace       used 29819K, committed 30208K, reserved 1114112K
  class space    used 4208K, committed 4352K, reserved 1048576K
}
Event: 19.317 GC heap after
{Heap after GC invocations=5 (full 0):
 garbage-first heap   total 69632K, used 19978K [0x0000000704a00000, 0x0000000800000000)
  region size 2048K, 3 young (6144K), 3 survivors (6144K)
 Metaspace       used 29819K, committed 30208K, reserved 1114112K
  class space    used 4208K, committed 4352K, reserved 1048576K
}
Event: 153.906 GC heap before
{Heap before GC invocations=5 (full 0):
 garbage-first heap   total 69632K, used 52746K [0x0000000704a00000, 0x0000000800000000)
  region size 2048K, 19 young (38912K), 3 survivors (6144K)
 Metaspace       used 31895K, committed 32320K, reserved 1114112K
  class space    used 4516K, committed 4672K, reserved 1048576K
}
Event: 153.911 GC heap after
{Heap after GC invocations=6 (full 0):
 garbage-first heap   total 69632K, used 22397K [0x0000000704a00000, 0x0000000800000000)
  region size 2048K, 2 young (4096K), 2 survivors (4096K)
 Metaspace       used 31895K, committed 32320K, reserved 1114112K
  class space    used 4516K, committed 4672K, reserved 1048576K
}
Event: 426.665 GC heap before
{Heap before GC invocations=6 (full 0):
 garbage-first heap   total 69632K, used 53117K [0x0000000704a00000, 0x0000000800000000)
  region size 2048K, 17 young (34816K), 2 survivors (4096K)
 Metaspace       used 31905K, committed 32320K, reserved 1114112K
  class space    used 4516K, committed 4672K, reserved 1048576K
}
Event: 426.667 GC heap after
{Heap after GC invocations=7 (full 0):
 garbage-first heap   total 69632K, used 22252K [0x0000000704a00000, 0x0000000800000000)
  region size 2048K, 2 young (4096K), 2 survivors (4096K)
 Metaspace       used 31905K, committed 32320K, reserved 1114112K
  class space    used 4516K, committed 4672K, reserved 1048576K
}

