# JRE version: Java(TM) SE Runtime Environment (20.0.2+9) (build 20.0.2+9-78)
# Java VM: Java HotSpot(TM) 64-Bit Server VM (20.0.2+9-78, mixed mode, sharing, tiered, compressed oops, compressed class ptrs, g1 gc, windows-amd64)
GC Precious Log:
 CardTable entry size: 512
 Card Set container configuration: InlinePtr #cards 4 size 8 Array Of Cards #cards 16 size 48 Howl #buckets 8 coarsen threshold 3686 Howl Bitmap #cards 512 size 80 coarsen threshold 460 Card regions per heap region 1 cards per card region 4096
 CPUs: 12 total, 12 available
 Memory: 16086M
 Large Page Support: Disabled
 NUMA Support: Disabled
 Compressed Oops: Enabled (Zero based)
 Heap Region Size: 2M
 Heap Min Capacity: 8M
 Heap Initial Capacity: 252M
 Heap Max Capacity: 4022M
 Pre-touch: Disabled
 Parallel Workers: 10
 Concurrent Workers: 3
 Concurrent Refinement Workers: 10
 Periodic GC: Disabled
Heap:
 garbage-first heap   total 69632K, used 32830K [0x0000000704a00000, 0x0000000800000000)
  region size 2048K, 10 young (20480K), 3 survivors (6144K)
 Metaspace       used 30667K, committed 31040K, reserved 1114112K
  class space    used 4318K, committed 4480K, reserved 1048576K
GC Heap History (8 events):
Event: 1.398 GC heap before
{Heap before GC invocations=0 (full 0):
 garbage-first heap   total 258048K, used 22528K [0x0000000704a00000, 0x0000000800000000)
  region size 2048K, 11 young (22528K), 0 survivors (0K)
 Metaspace       used 3795K, committed 3968K, reserved 1114112K
  class space    used 397K, committed 448K, reserved 1048576K
}
Event: 1.402 GC heap after
{Heap after GC invocations=1 (full 0):
 garbage-first heap   total 258048K, used 2581K [0x0000000704a00000, 0x0000000800000000)
  region size 2048K, 2 young (4096K), 2 survivors (4096K)
 Metaspace       used 3795K, committed 3968K, reserved 1114112K
  class space    used 397K, committed 448K, reserved 1048576K
}
Event: 3.130 GC heap before
{Heap before GC invocations=1 (full 0):
 garbage-first heap   total 258048K, used 41493K [0x0000000704a00000, 0x0000000800000000)
  region size 2048K, 21 young (43008K), 2 survivors (4096K)
 Metaspace       used 14562K, committed 14912K, reserved 1114112K
  class space    used 2222K, committed 2368K, reserved 1048576K
}
Event: 3.147 GC heap after
{Heap after GC invocations=2 (full 0):
 garbage-first heap   total 258048K, used 9943K [0x0000000704a00000, 0x0000000800000000)
  region size 2048K, 3 young (6144K), 3 survivors (6144K)
 Metaspace       used 14562K, committed 14912K, reserved 1114112K
  class space    used 2222K, committed 2368K, reserved 1048576K
}
Event: 15.984 GC heap before
{Heap before GC invocations=2 (full 0):
 garbage-first heap   total 258048K, used 34519K [0x0000000704a00000, 0x0000000800000000)
  region size 2048K, 15 young (30720K), 3 survivors (6144K)
 Metaspace       used 21123K, committed 21504K, reserved 1114112K
  class space    used 3036K, committed 3200K, reserved 1048576K
}
Event: 15.993 GC heap after
{Heap after GC invocations=3 (full 0):
 garbage-first heap   total 258048K, used 16016K [0x0000000704a00000, 0x0000000800000000)
  region size 2048K, 5 young (10240K), 5 survivors (10240K)
 Metaspace       used 21123K, committed 21504K, reserved 1114112K
  class space    used 3036K, committed 3200K, reserved 1048576K
}
Event: 19.579 GC heap before
{Heap before GC invocations=4 (full 0):
 garbage-first heap   total 69632K, used 46736K [0x0000000704a00000, 0x0000000800000000)
  region size 2048K, 20 young (40960K), 5 survivors (10240K)
 Metaspace       used 29669K, committed 30016K, reserved 1114112K
  class space    used 4248K, committed 4416K, reserved 1048576K
}
Event: 19.594 GC heap after
{Heap after GC invocations=5 (full 0):
 garbage-first heap   total 69632K, used 20542K [0x0000000704a00000, 0x0000000800000000)
  region size 2048K, 3 young (6144K), 3 survivors (6144K)
 Metaspace       used 29669K, committed 30016K, reserved 1114112K
  class space    used 4248K, committed 4416K, reserved 1048576K
}

